<?xml version="1.0" encoding="UTF-8"?>
<!-- Generated by org.testng.reporters.JUnitReportReporter -->
<testsuite hostname="DESKTOP-2GS5NQC" failures="0" tests="1" name="com.stepdef.RunnerTest" time="25.019" errors="0" timestamp="2022-03-26T23:16:38 IST" skipped="0">
  <testcase classname="com.stepdef.RunnerTest" name="runScenario" time="25.019"/>
  <system-out/>
</testsuite> <!-- com.stepdef.RunnerTest -->
