<?xml version="1.0" encoding="UTF-8"?>
<!-- Generated by org.testng.reporters.JUnitReportReporter -->
<testsuite hostname="LAPTOP-L3JJ60AV" failures="0" tests="1" name="com.orange.hrm.pageobject.LoginFaceBookPage" time="-1619448064.000" errors="1" timestamp="2021-04-26T20:10:18 IST" skipped="0">
  <testcase classname="com.orange.hrm.pageobject.LoginFaceBookPage" name="takeScreenShot" time="-1619448064.000">
    <error message="
Can inject only one of &lt;ITestContext, XmlTest&gt; into a @AfterTest annotated takeScreenShot.
For more information on native dependency injection please refer to https://testng.org/doc/documentation-main.html#native-dependency-injection" type="org.testng.TestNGException">
      <![CDATA[org.testng.TestNGException: 
Can inject only one of <ITestContext, XmlTest> into a @AfterTest annotated takeScreenShot.
For more information on native dependency injection please refer to https://testng.org/doc/documentation-main.html#native-dependency-injection
at org.testng.internal.Parameters.checkParameterTypes(Parameters.java:437)
at org.testng.internal.Parameters.createParametersForMethod(Parameters.java:351)
at org.testng.internal.Parameters.createParameters(Parameters.java:708)
at org.testng.internal.Parameters.createConfigurationParameters(Parameters.java:166)
at org.testng.internal.ConfigInvoker.invokeConfigurations(ConfigInvoker.java:301)
at org.testng.TestRunner.invokeTestConfigurations(TestRunner.java:617)
at org.testng.TestRunner.afterRun(TestRunner.java:847)
at org.testng.TestRunner.run(TestRunner.java:588)
at org.testng.SuiteRunner.runTest(SuiteRunner.java:384)
at org.testng.SuiteRunner.access$000(SuiteRunner.java:28)
at org.testng.SuiteRunner$SuiteWorker.run(SuiteRunner.java:425)
at org.testng.internal.thread.ThreadUtil.lambda$execute$0(ThreadUtil.java:66)
at java.base/java.util.concurrent.FutureTask.run(FutureTask.java:264)
at java.base/java.util.concurrent.ThreadPoolExecutor.runWorker(ThreadPoolExecutor.java:1130)
at java.base/java.util.concurrent.ThreadPoolExecutor$Worker.run(ThreadPoolExecutor.java:630)
at java.base/java.lang.Thread.run(Thread.java:832)
]]>
    </error>
  </testcase> <!-- takeScreenShot -->
  <system-out/>
</testsuite> <!-- com.orange.hrm.pageobject.LoginFaceBookPage -->
